2020-01-14 22:06:07.225  INFO 13352 --- [main] com.cg.PollManagementSystemApplication   : Starting PollManagementSystemApplication on LIN34001796 with PID 13352 (C:\Users\amaamin\Downloads\PollManagement\PollManagementSystem\target\classes started by amaamin in C:\Users\amaamin\Downloads\PollManagement\PollManagementSystem)
2020-01-14 22:06:07.229  INFO 13352 --- [main] com.cg.PollManagementSystemApplication   : No active profile set, falling back to default profiles: default
2020-01-14 22:06:08.995  INFO 13352 --- [main] .s.d.r.c.RepositoryConfigurationDelegate : Bootstrapping Spring Data JPA repositories in DEFAULT mode.
2020-01-14 22:06:09.192  INFO 13352 --- [main] .s.d.r.c.RepositoryConfigurationDelegate : Finished Spring Data repository scanning in 185ms. Found 6 JPA repository interfaces.
2020-01-14 22:06:09.647  INFO 13352 --- [main] trationDelegate$BeanPostProcessorChecker : Bean 'org.springframework.transaction.annotation.ProxyTransactionManagementConfiguration' of type [org.springframework.transaction.annotation.ProxyTransactionManagementConfiguration] is not eligible for getting processed by all BeanPostProcessors (for example: not eligible for auto-proxying)
2020-01-14 22:06:10.058  INFO 13352 --- [main] o.s.b.w.embedded.tomcat.TomcatWebServer  : Tomcat initialized with port(s): 9090 (http)
2020-01-14 22:06:10.069  INFO 13352 --- [main] o.apache.catalina.core.StandardService   : Starting service [Tomcat]
2020-01-14 22:06:10.070  INFO 13352 --- [main] org.apache.catalina.core.StandardEngine  : Starting Servlet engine: [Apache Tomcat/9.0.29]
2020-01-14 22:06:10.259  INFO 13352 --- [main] o.a.c.c.C.[Tomcat].[localhost].[/]       : Initializing Spring embedded WebApplicationContext
2020-01-14 22:06:10.260  INFO 13352 --- [main] o.s.web.context.ContextLoader            : Root WebApplicationContext: initialization completed in 2915 ms
2020-01-14 22:06:10.567  INFO 13352 --- [main] o.hibernate.jpa.internal.util.LogHelper  : HHH000204: Processing PersistenceUnitInfo [name: default]
2020-01-14 22:06:10.642  INFO 13352 --- [main] org.hibernate.Version                    : HHH000412: Hibernate Core {5.4.9.Final}
2020-01-14 22:06:10.780  INFO 13352 --- [main] o.hibernate.annotations.common.Version   : HCANN000001: Hibernate Commons Annotations {5.1.0.Final}
2020-01-14 22:06:10.898  INFO 13352 --- [main] com.zaxxer.hikari.HikariDataSource       : HikariPool-1 - Starting...
2020-01-14 22:06:10.901  WARN 13352 --- [main] com.zaxxer.hikari.util.DriverDataSource  : Registered driver with driverClassName=oracle.jdbc.driver.OracleDriver was not found, trying direct instantiation.
2020-01-14 22:06:11.591  INFO 13352 --- [main] com.zaxxer.hikari.pool.PoolBase          : HikariPool-1 - Driver does not support get/set network timeout for connections. (Receiver class oracle.jdbc.driver.T4CConnection does not define or inherit an implementation of the resolved method abstract getNetworkTimeout()I of interface java.sql.Connection.)
2020-01-14 22:06:11.595  INFO 13352 --- [main] com.zaxxer.hikari.HikariDataSource       : HikariPool-1 - Start completed.
2020-01-14 22:06:11.613  INFO 13352 --- [main] org.hibernate.dialect.Dialect            : HHH000400: Using dialect: org.hibernate.dialect.Oracle10gDialect
2020-01-14 22:06:13.272  INFO 13352 --- [main] o.h.e.t.j.p.i.JtaPlatformInitiator       : HHH000490: Using JtaPlatform implementation: [org.hibernate.engine.transaction.jta.platform.internal.NoJtaPlatform]
2020-01-14 22:06:13.279  INFO 13352 --- [main] j.LocalContainerEntityManagerFactoryBean : Initialized JPA EntityManagerFactory for persistence unit 'default'
2020-01-14 22:06:14.268  WARN 13352 --- [main] JpaBaseConfiguration$JpaWebConfiguration : spring.jpa.open-in-view is enabled by default. Therefore, database queries may be performed during view rendering. Explicitly configure spring.jpa.open-in-view to disable this warning
2020-01-14 22:06:14.469  INFO 13352 --- [main] pertySourcedRequestMappingHandlerMapping : Mapped URL path [/v2/api-docs] onto method [springfox.documentation.swagger2.web.Swagger2Controller#getDocumentation(String, HttpServletRequest)]
2020-01-14 22:06:14.637  INFO 13352 --- [main] o.s.s.concurrent.ThreadPoolTaskExecutor  : Initializing ExecutorService 'applicationTaskExecutor'
2020-01-14 22:06:14.897  INFO 13352 --- [main] d.s.w.p.DocumentationPluginsBootstrapper : Context refreshed
2020-01-14 22:06:14.915  INFO 13352 --- [main] d.s.w.p.DocumentationPluginsBootstrapper : Found 1 custom documentation plugin(s)
2020-01-14 22:06:14.949  INFO 13352 --- [main] s.d.s.w.s.ApiListingReferenceScanner     : Scanning for api listing references
2020-01-14 22:06:15.313  INFO 13352 --- [main] o.s.b.w.embedded.tomcat.TomcatWebServer  : Tomcat started on port(s): 9090 (http) with context path ''
2020-01-14 22:06:15.318  INFO 13352 --- [main] com.cg.PollManagementSystemApplication   : Started PollManagementSystemApplication in 18.726 seconds (JVM running for 21.246)
2020-01-14 22:06:23.669  INFO 13352 --- [http-nio-9090-exec-1] o.a.c.c.C.[Tomcat].[localhost].[/]       : Initializing Spring DispatcherServlet 'dispatcherServlet'
2020-01-14 22:06:23.671  INFO 13352 --- [http-nio-9090-exec-1] o.s.web.servlet.DispatcherServlet        : Initializing Servlet 'dispatcherServlet'
2020-01-14 22:06:23.681  INFO 13352 --- [http-nio-9090-exec-1] o.s.web.servlet.DispatcherServlet        : Completed initialization in 9 ms
2020-01-14 22:06:37.114 ERROR 13352 --- [http-nio-9090-exec-9] com.cg.pollAop.LoggingAop                : No such userId
2020-01-14 22:10:50.234  INFO 13352 --- [RMI TCP Connection(2)-127.0.0.1] inMXBeanRegistrar$SpringApplicationAdmin : Application shutdown requested.
2020-01-14 22:10:50.241  INFO 13352 --- [RMI TCP Connection(2)-127.0.0.1] o.s.s.concurrent.ThreadPoolTaskExecutor  : Shutting down ExecutorService 'applicationTaskExecutor'
2020-01-14 22:10:50.249  INFO 13352 --- [RMI TCP Connection(2)-127.0.0.1] j.LocalContainerEntityManagerFactoryBean : Closing JPA EntityManagerFactory for persistence unit 'default'
2020-01-14 22:10:50.256  INFO 13352 --- [RMI TCP Connection(2)-127.0.0.1] com.zaxxer.hikari.HikariDataSource       : HikariPool-1 - Shutdown initiated...
2020-01-14 22:10:50.314  INFO 13352 --- [RMI TCP Connection(2)-127.0.0.1] com.zaxxer.hikari.HikariDataSource       : HikariPool-1 - Shutdown completed.
