2020-02-09 20:20:36.404  INFO 12356 --- [main] com.cg.PollManagementSystemApplication   : Starting PollManagementSystemApplication on LIN34001796 with PID 12356 (C:\Users\amaamin\Downloads\PollRepo-master\target\classes started by amaamin in C:\Users\amaamin\Downloads\PollRepo-master)
2020-02-09 20:20:36.470  INFO 12356 --- [main] com.cg.PollManagementSystemApplication   : No active profile set, falling back to default profiles: default
2020-02-09 20:20:39.426  INFO 12356 --- [main] .s.d.r.c.RepositoryConfigurationDelegate : Bootstrapping Spring Data JPA repositories in DEFAULT mode.
2020-02-09 20:20:39.708  INFO 12356 --- [main] .s.d.r.c.RepositoryConfigurationDelegate : Finished Spring Data repository scanning in 261ms. Found 6 JPA repository interfaces.
2020-02-09 20:20:40.562  INFO 12356 --- [main] trationDelegate$BeanPostProcessorChecker : Bean 'org.springframework.transaction.annotation.ProxyTransactionManagementConfiguration' of type [org.springframework.transaction.annotation.ProxyTransactionManagementConfiguration] is not eligible for getting processed by all BeanPostProcessors (for example: not eligible for auto-proxying)
2020-02-09 20:20:40.810  INFO 12356 --- [main] trationDelegate$BeanPostProcessorChecker : Bean 'org.springframework.security.config.annotation.configuration.ObjectPostProcessorConfiguration' of type [org.springframework.security.config.annotation.configuration.ObjectPostProcessorConfiguration] is not eligible for getting processed by all BeanPostProcessors (for example: not eligible for auto-proxying)
2020-02-09 20:20:40.819  INFO 12356 --- [main] trationDelegate$BeanPostProcessorChecker : Bean 'objectPostProcessor' of type [org.springframework.security.config.annotation.configuration.AutowireBeanFactoryObjectPostProcessor] is not eligible for getting processed by all BeanPostProcessors (for example: not eligible for auto-proxying)
2020-02-09 20:20:40.826  INFO 12356 --- [main] trationDelegate$BeanPostProcessorChecker : Bean 'org.springframework.security.access.expression.method.DefaultMethodSecurityExpressionHandler@67f63d26' of type [org.springframework.security.access.expression.method.DefaultMethodSecurityExpressionHandler] is not eligible for getting processed by all BeanPostProcessors (for example: not eligible for auto-proxying)
2020-02-09 20:20:40.830  INFO 12356 --- [main] trationDelegate$BeanPostProcessorChecker : Bean 'org.springframework.security.config.annotation.method.configuration.GlobalMethodSecurityConfiguration' of type [org.springframework.security.config.annotation.method.configuration.GlobalMethodSecurityConfiguration] is not eligible for getting processed by all BeanPostProcessors (for example: not eligible for auto-proxying)
2020-02-09 20:20:40.857  INFO 12356 --- [main] trationDelegate$BeanPostProcessorChecker : Bean 'org.springframework.security.config.annotation.method.configuration.Jsr250MetadataSourceConfiguration' of type [org.springframework.security.config.annotation.method.configuration.Jsr250MetadataSourceConfiguration] is not eligible for getting processed by all BeanPostProcessors (for example: not eligible for auto-proxying)
2020-02-09 20:20:40.861  INFO 12356 --- [main] trationDelegate$BeanPostProcessorChecker : Bean 'jsr250MethodSecurityMetadataSource' of type [org.springframework.security.access.annotation.Jsr250MethodSecurityMetadataSource] is not eligible for getting processed by all BeanPostProcessors (for example: not eligible for auto-proxying)
2020-02-09 20:20:40.867  INFO 12356 --- [main] trationDelegate$BeanPostProcessorChecker : Bean 'methodSecurityMetadataSource' of type [org.springframework.security.access.method.DelegatingMethodSecurityMetadataSource] is not eligible for getting processed by all BeanPostProcessors (for example: not eligible for auto-proxying)
2020-02-09 20:20:41.924  INFO 12356 --- [main] o.s.b.w.embedded.tomcat.TomcatWebServer  : Tomcat initialized with port(s): 9091 (http)
2020-02-09 20:20:41.950  INFO 12356 --- [main] o.apache.catalina.core.StandardService   : Starting service [Tomcat]
2020-02-09 20:20:41.950  INFO 12356 --- [main] org.apache.catalina.core.StandardEngine  : Starting Servlet engine: [Apache Tomcat/9.0.29]
2020-02-09 20:20:42.407  INFO 12356 --- [main] o.a.c.c.C.[Tomcat].[localhost].[/]       : Initializing Spring embedded WebApplicationContext
2020-02-09 20:20:42.407  INFO 12356 --- [main] o.s.web.context.ContextLoader            : Root WebApplicationContext: initialization completed in 5800 ms
2020-02-09 20:20:42.646  WARN 12356 --- [main] JpaBaseConfiguration$JpaWebConfiguration : spring.jpa.open-in-view is enabled by default. Therefore, database queries may be performed during view rendering. Explicitly configure spring.jpa.open-in-view to disable this warning
2020-02-09 20:20:43.062  INFO 12356 --- [main] o.hibernate.jpa.internal.util.LogHelper  : HHH000204: Processing PersistenceUnitInfo [name: default]
2020-02-09 20:20:43.244  INFO 12356 --- [main] org.hibernate.Version                    : HHH000412: Hibernate Core {5.4.9.Final}
2020-02-09 20:20:43.575  INFO 12356 --- [main] o.hibernate.annotations.common.Version   : HCANN000001: Hibernate Commons Annotations {5.1.0.Final}
2020-02-09 20:20:43.874  INFO 12356 --- [main] com.zaxxer.hikari.HikariDataSource       : HikariPool-1 - Starting...
2020-02-09 20:20:43.882  WARN 12356 --- [main] com.zaxxer.hikari.util.DriverDataSource  : Registered driver with driverClassName=oracle.jdbc.driver.OracleDriver was not found, trying direct instantiation.
2020-02-09 20:20:45.118  INFO 12356 --- [main] com.zaxxer.hikari.pool.PoolBase          : HikariPool-1 - Driver does not support get/set network timeout for connections. (Receiver class oracle.jdbc.driver.T4CConnection does not define or inherit an implementation of the resolved method abstract getNetworkTimeout()I of interface java.sql.Connection.)
2020-02-09 20:20:45.130  INFO 12356 --- [main] com.zaxxer.hikari.HikariDataSource       : HikariPool-1 - Start completed.
2020-02-09 20:20:45.172  INFO 12356 --- [main] org.hibernate.dialect.Dialect            : HHH000400: Using dialect: org.hibernate.dialect.Oracle10gDialect
2020-02-09 20:21:21.376  INFO 12356 --- [main] o.h.e.t.j.p.i.JtaPlatformInitiator       : HHH000490: Using JtaPlatform implementation: [org.hibernate.engine.transaction.jta.platform.internal.NoJtaPlatform]
2020-02-09 20:21:21.395  INFO 12356 --- [main] j.LocalContainerEntityManagerFactoryBean : Initialized JPA EntityManagerFactory for persistence unit 'default'
2020-02-09 20:21:26.042  INFO 12356 --- [main] pertySourcedRequestMappingHandlerMapping : Mapped URL path [/v2/api-docs] onto method [springfox.documentation.swagger2.web.Swagger2Controller#getDocumentation(String, HttpServletRequest)]
2020-02-09 20:21:26.743  INFO 12356 --- [main] o.s.s.web.DefaultSecurityFilterChain     : Creating filter chain: any request, [org.springframework.security.web.context.request.async.WebAsyncManagerIntegrationFilter@72c29d87, org.springframework.security.web.context.SecurityContextPersistenceFilter@7568134c, org.springframework.security.web.header.HeaderWriterFilter@24f77077, org.springframework.web.filter.CorsFilter@2835b3d1, org.springframework.security.web.authentication.logout.LogoutFilter@47cf922d, com.cg.security.JwtAuthenticationFilter@5b5a89d1, org.springframework.security.web.savedrequest.RequestCacheAwareFilter@35217e0, org.springframework.security.web.servletapi.SecurityContextHolderAwareRequestFilter@507fecf3, org.springframework.security.web.authentication.AnonymousAuthenticationFilter@20e9b10b, org.springframework.security.web.session.SessionManagementFilter@5e7ea81b, org.springframework.security.web.access.ExceptionTranslationFilter@2eb31735, org.springframework.security.web.access.intercept.FilterSecurityInterceptor@4ee1c29a]
2020-02-09 20:21:27.308  INFO 12356 --- [main] o.s.s.concurrent.ThreadPoolTaskExecutor  : Initializing ExecutorService 'applicationTaskExecutor'
2020-02-09 20:21:28.102  INFO 12356 --- [main] d.s.w.p.DocumentationPluginsBootstrapper : Context refreshed
2020-02-09 20:21:28.174  INFO 12356 --- [main] d.s.w.p.DocumentationPluginsBootstrapper : Found 1 custom documentation plugin(s)
2020-02-09 20:21:28.334  INFO 12356 --- [main] s.d.s.w.s.ApiListingReferenceScanner     : Scanning for api listing references
2020-02-09 20:21:29.385  INFO 12356 --- [main] o.s.b.w.embedded.tomcat.TomcatWebServer  : Tomcat started on port(s): 9091 (http) with context path ''
2020-02-09 20:21:29.401  INFO 12356 --- [main] com.cg.PollManagementSystemApplication   : Started PollManagementSystemApplication in 54.013 seconds (JVM running for 60.456)
2020-02-09 20:56:50.238  INFO 12356 --- [RMI TCP Connection(2)-127.0.0.1] inMXBeanRegistrar$SpringApplicationAdmin : Application shutdown requested.
2020-02-09 20:56:50.318  INFO 12356 --- [RMI TCP Connection(2)-127.0.0.1] o.s.s.concurrent.ThreadPoolTaskExecutor  : Shutting down ExecutorService 'applicationTaskExecutor'
2020-02-09 20:56:50.350  INFO 12356 --- [RMI TCP Connection(2)-127.0.0.1] j.LocalContainerEntityManagerFactoryBean : Closing JPA EntityManagerFactory for persistence unit 'default'
2020-02-09 20:56:50.359  INFO 12356 --- [RMI TCP Connection(2)-127.0.0.1] com.zaxxer.hikari.HikariDataSource       : HikariPool-1 - Shutdown initiated...
2020-02-09 20:56:50.478  INFO 12356 --- [RMI TCP Connection(2)-127.0.0.1] com.zaxxer.hikari.HikariDataSource       : HikariPool-1 - Shutdown completed.
2020-02-09 20:57:32.232  INFO 12308 --- [main] com.cg.PollManagementSystemApplication   : Starting PollManagementSystemApplication on LIN34001796 with PID 12308 (C:\Users\amaamin\Downloads\PollRepo-master\target\classes started by amaamin in C:\Users\amaamin\Downloads\PollRepo-master)
2020-02-09 20:57:32.239  INFO 12308 --- [main] com.cg.PollManagementSystemApplication   : No active profile set, falling back to default profiles: default
2020-02-09 20:57:34.969  INFO 12308 --- [main] .s.d.r.c.RepositoryConfigurationDelegate : Bootstrapping Spring Data JPA repositories in DEFAULT mode.
2020-02-09 20:57:35.343  INFO 12308 --- [main] .s.d.r.c.RepositoryConfigurationDelegate : Finished Spring Data repository scanning in 349ms. Found 6 JPA repository interfaces.
2020-02-09 20:57:36.151  INFO 12308 --- [main] trationDelegate$BeanPostProcessorChecker : Bean 'org.springframework.transaction.annotation.ProxyTransactionManagementConfiguration' of type [org.springframework.transaction.annotation.ProxyTransactionManagementConfiguration] is not eligible for getting processed by all BeanPostProcessors (for example: not eligible for auto-proxying)
2020-02-09 20:57:36.350  INFO 12308 --- [main] trationDelegate$BeanPostProcessorChecker : Bean 'org.springframework.security.config.annotation.configuration.ObjectPostProcessorConfiguration' of type [org.springframework.security.config.annotation.configuration.ObjectPostProcessorConfiguration] is not eligible for getting processed by all BeanPostProcessors (for example: not eligible for auto-proxying)
2020-02-09 20:57:36.358  INFO 12308 --- [main] trationDelegate$BeanPostProcessorChecker : Bean 'objectPostProcessor' of type [org.springframework.security.config.annotation.configuration.AutowireBeanFactoryObjectPostProcessor] is not eligible for getting processed by all BeanPostProcessors (for example: not eligible for auto-proxying)
2020-02-09 20:57:36.365  INFO 12308 --- [main] trationDelegate$BeanPostProcessorChecker : Bean 'org.springframework.security.access.expression.method.DefaultMethodSecurityExpressionHandler@996a546' of type [org.springframework.security.access.expression.method.DefaultMethodSecurityExpressionHandler] is not eligible for getting processed by all BeanPostProcessors (for example: not eligible for auto-proxying)
2020-02-09 20:57:36.372  INFO 12308 --- [main] trationDelegate$BeanPostProcessorChecker : Bean 'org.springframework.security.config.annotation.method.configuration.GlobalMethodSecurityConfiguration' of type [org.springframework.security.config.annotation.method.configuration.GlobalMethodSecurityConfiguration] is not eligible for getting processed by all BeanPostProcessors (for example: not eligible for auto-proxying)
2020-02-09 20:57:36.398  INFO 12308 --- [main] trationDelegate$BeanPostProcessorChecker : Bean 'org.springframework.security.config.annotation.method.configuration.Jsr250MetadataSourceConfiguration' of type [org.springframework.security.config.annotation.method.configuration.Jsr250MetadataSourceConfiguration] is not eligible for getting processed by all BeanPostProcessors (for example: not eligible for auto-proxying)
2020-02-09 20:57:36.402  INFO 12308 --- [main] trationDelegate$BeanPostProcessorChecker : Bean 'jsr250MethodSecurityMetadataSource' of type [org.springframework.security.access.annotation.Jsr250MethodSecurityMetadataSource] is not eligible for getting processed by all BeanPostProcessors (for example: not eligible for auto-proxying)
2020-02-09 20:57:36.405  INFO 12308 --- [main] trationDelegate$BeanPostProcessorChecker : Bean 'methodSecurityMetadataSource' of type [org.springframework.security.access.method.DelegatingMethodSecurityMetadataSource] is not eligible for getting processed by all BeanPostProcessors (for example: not eligible for auto-proxying)
2020-02-09 20:57:37.334  INFO 12308 --- [main] o.s.b.w.embedded.tomcat.TomcatWebServer  : Tomcat initialized with port(s): 9091 (http)
2020-02-09 20:57:37.356  INFO 12308 --- [main] o.apache.catalina.core.StandardService   : Starting service [Tomcat]
2020-02-09 20:57:37.357  INFO 12308 --- [main] org.apache.catalina.core.StandardEngine  : Starting Servlet engine: [Apache Tomcat/9.0.29]
2020-02-09 20:57:37.872  INFO 12308 --- [main] o.a.c.c.C.[Tomcat].[localhost].[/]       : Initializing Spring embedded WebApplicationContext
2020-02-09 20:57:37.873  INFO 12308 --- [main] o.s.web.context.ContextLoader            : Root WebApplicationContext: initialization completed in 5507 ms
2020-02-09 20:57:38.194  WARN 12308 --- [main] JpaBaseConfiguration$JpaWebConfiguration : spring.jpa.open-in-view is enabled by default. Therefore, database queries may be performed during view rendering. Explicitly configure spring.jpa.open-in-view to disable this warning
2020-02-09 20:57:38.595  INFO 12308 --- [main] o.hibernate.jpa.internal.util.LogHelper  : HHH000204: Processing PersistenceUnitInfo [name: default]
2020-02-09 20:57:38.763  INFO 12308 --- [main] org.hibernate.Version                    : HHH000412: Hibernate Core {5.4.9.Final}
2020-02-09 20:57:39.081  INFO 12308 --- [main] o.hibernate.annotations.common.Version   : HCANN000001: Hibernate Commons Annotations {5.1.0.Final}
2020-02-09 20:57:39.351  INFO 12308 --- [main] com.zaxxer.hikari.HikariDataSource       : HikariPool-1 - Starting...
2020-02-09 20:57:39.356  WARN 12308 --- [main] com.zaxxer.hikari.util.DriverDataSource  : Registered driver with driverClassName=oracle.jdbc.driver.OracleDriver was not found, trying direct instantiation.
2020-02-09 20:57:40.524  INFO 12308 --- [main] com.zaxxer.hikari.pool.PoolBase          : HikariPool-1 - Driver does not support get/set network timeout for connections. (Receiver class oracle.jdbc.driver.T4CConnection does not define or inherit an implementation of the resolved method abstract getNetworkTimeout()I of interface java.sql.Connection.)
2020-02-09 20:57:40.532  INFO 12308 --- [main] com.zaxxer.hikari.HikariDataSource       : HikariPool-1 - Start completed.
2020-02-09 20:57:40.573  INFO 12308 --- [main] org.hibernate.dialect.Dialect            : HHH000400: Using dialect: org.hibernate.dialect.Oracle10gDialect
2020-02-09 20:57:43.470  INFO 12308 --- [main] o.h.e.t.j.p.i.JtaPlatformInitiator       : HHH000490: Using JtaPlatform implementation: [org.hibernate.engine.transaction.jta.platform.internal.NoJtaPlatform]
2020-02-09 20:57:43.491  INFO 12308 --- [main] j.LocalContainerEntityManagerFactoryBean : Initialized JPA EntityManagerFactory for persistence unit 'default'
2020-02-09 20:57:46.908  INFO 12308 --- [main] pertySourcedRequestMappingHandlerMapping : Mapped URL path [/v2/api-docs] onto method [springfox.documentation.swagger2.web.Swagger2Controller#getDocumentation(String, HttpServletRequest)]
2020-02-09 20:57:47.357  INFO 12308 --- [main] o.s.s.web.DefaultSecurityFilterChain     : Creating filter chain: any request, [org.springframework.security.web.context.request.async.WebAsyncManagerIntegrationFilter@267a8777, org.springframework.security.web.context.SecurityContextPersistenceFilter@e21d73, org.springframework.security.web.header.HeaderWriterFilter@73839f22, org.springframework.web.filter.CorsFilter@175c26ff, org.springframework.security.web.authentication.logout.LogoutFilter@1e9f6095, com.cg.security.JwtAuthenticationFilter@4113d9ab, org.springframework.security.web.savedrequest.RequestCacheAwareFilter@600b3bee, org.springframework.security.web.servletapi.SecurityContextHolderAwareRequestFilter@981d9d2, org.springframework.security.web.authentication.AnonymousAuthenticationFilter@623bdc46, org.springframework.security.web.session.SessionManagementFilter@46ab8e4b, org.springframework.security.web.access.ExceptionTranslationFilter@63d14dbf, org.springframework.security.web.access.intercept.FilterSecurityInterceptor@5dc8448b]
2020-02-09 20:57:47.576  INFO 12308 --- [main] o.s.s.concurrent.ThreadPoolTaskExecutor  : Initializing ExecutorService 'applicationTaskExecutor'
2020-02-09 20:57:48.097  INFO 12308 --- [main] d.s.w.p.DocumentationPluginsBootstrapper : Context refreshed
2020-02-09 20:57:48.148  INFO 12308 --- [main] d.s.w.p.DocumentationPluginsBootstrapper : Found 1 custom documentation plugin(s)
2020-02-09 20:57:48.332  INFO 12308 --- [main] s.d.s.w.s.ApiListingReferenceScanner     : Scanning for api listing references
2020-02-09 20:57:49.340  INFO 12308 --- [main] o.s.b.w.embedded.tomcat.TomcatWebServer  : Tomcat started on port(s): 9091 (http) with context path ''
2020-02-09 20:57:49.351  INFO 12308 --- [main] com.cg.PollManagementSystemApplication   : Started PollManagementSystemApplication in 28.113 seconds (JVM running for 34.049)
